[debug] [2024-03-01T15:19:58.750Z] ----------------------------------------------------------------------
[debug] [2024-03-01T15:19:58.752Z] Command:       C:\Program Files\nodejs\node.exe C:\Users\Mega-PC\AppData\Roaming\npm\node_modules\firebase-tools\lib\bin\firebase.js emulators:start
[debug] [2024-03-01T15:19:58.752Z] CLI Version:   13.4.0
[debug] [2024-03-01T15:19:58.752Z] Platform:      win32
[debug] [2024-03-01T15:19:58.753Z] Node Version:  v18.17.0
[debug] [2024-03-01T15:19:58.754Z] Time:          Fri Mar 01 2024 16:19:58 GMT+0100 (heure normale d’Afrique de l’Ouest)
[debug] [2024-03-01T15:19:58.754Z] ----------------------------------------------------------------------
[debug] 
[debug] [2024-03-01T15:19:58.839Z] > command requires scopes: ["email","openid","https://www.googleapis.com/auth/cloudplatformprojects.readonly","https://www.googleapis.com/auth/firebase","https://www.googleapis.com/auth/cloud-platform"]
[debug] [2024-03-01T15:19:58.840Z] > authorizing via signed-in user (tlijanihachem4@gmail.com)
[info] i  emulators: Starting emulators: functions {"metadata":{"emulator":{"name":"hub"},"message":"Starting emulators: functions"}}
[debug] [2024-03-01T15:19:58.850Z] [logging] Logging Emulator only supports listening on one address (127.0.0.1). Not listening on ::1
[debug] [2024-03-01T15:19:58.850Z] assigned listening specs for emulators {"user":{"hub":[{"address":"127.0.0.1","family":"IPv4","port":4400},{"address":"::1","family":"IPv6","port":4400}],"ui":[{"address":"127.0.0.1","family":"IPv4","port":4000},{"address":"::1","family":"IPv6","port":4000}],"logging":[{"address":"127.0.0.1","family":"IPv4","port":4500}]},"metadata":{"message":"assigned listening specs for emulators"}}
[debug] [2024-03-01T15:19:58.856Z] [hub] writing locator at C:\Users\Mega-PC\AppData\Local\Temp\hub-project-scope-605d7.json
[debug] [2024-03-01T15:19:58.875Z] [functions] Functions Emulator only supports listening on one address (127.0.0.1). Not listening on ::1
[debug] [2024-03-01T15:19:58.875Z] [eventarc] Eventarc Emulator only supports listening on one address (127.0.0.1). Not listening on ::1
[debug] [2024-03-01T15:19:58.875Z] late-assigned ports for functions and eventarc emulators {"user":{"hub":[{"address":"127.0.0.1","family":"IPv4","port":4400},{"address":"::1","family":"IPv6","port":4400}],"ui":[{"address":"127.0.0.1","family":"IPv4","port":4000},{"address":"::1","family":"IPv6","port":4000}],"logging":[{"address":"127.0.0.1","family":"IPv4","port":4500}],"functions":[{"address":"127.0.0.1","family":"IPv4","port":5001}],"eventarc":[{"address":"127.0.0.1","family":"IPv4","port":9299}]},"metadata":{"message":"late-assigned ports for functions and eventarc emulators"}}
[warn] !  functions: The following emulators are not running, calls to these services from the Functions emulator will affect production: auth, firestore, database, hosting, pubsub, storage {"metadata":{"emulator":{"name":"functions"},"message":"The following emulators are not running, calls to these services from the Functions emulator will affect production: \u001b[1mauth, firestore, database, hosting, pubsub, storage\u001b[22m"}}
[debug] [2024-03-01T15:19:58.878Z] defaultcredentials: writing to file C:\Users\Mega-PC\AppData\Roaming\firebase\tlijanihachem4_gmail_com_application_default_credentials.json
[debug] [2024-03-01T15:19:58.882Z] Setting GAC to C:\Users\Mega-PC\AppData\Roaming\firebase\tlijanihachem4_gmail_com_application_default_credentials.json {"metadata":{"emulator":{"name":"functions"},"message":"Setting GAC to C:\\Users\\Mega-PC\\AppData\\Roaming\\firebase\\tlijanihachem4_gmail_com_application_default_credentials.json"}}
[debug] [2024-03-01T15:19:58.883Z] > refreshing access token with scopes: []
[debug] [2024-03-01T15:19:58.884Z] >>> [apiv2][query] POST https://www.googleapis.com/oauth2/v3/token [none]
[debug] [2024-03-01T15:19:58.884Z] >>> [apiv2][body] POST https://www.googleapis.com/oauth2/v3/token [omitted]
[debug] [2024-03-01T15:19:59.084Z] <<< [apiv2][status] POST https://www.googleapis.com/oauth2/v3/token 200
[debug] [2024-03-01T15:19:59.084Z] <<< [apiv2][body] POST https://www.googleapis.com/oauth2/v3/token [omitted]
[debug] [2024-03-01T15:19:59.098Z] >>> [apiv2][query] GET https://firebase.googleapis.com/v1beta1/projects/project-scope-605d7/adminSdkConfig [none]
[debug] [2024-03-01T15:19:59.548Z] <<< [apiv2][status] GET https://firebase.googleapis.com/v1beta1/projects/project-scope-605d7/adminSdkConfig 200
[debug] [2024-03-01T15:19:59.549Z] <<< [apiv2][body] GET https://firebase.googleapis.com/v1beta1/projects/project-scope-605d7/adminSdkConfig {"projectId":"project-scope-605d7","storageBucket":"project-scope-605d7.appspot.com"}
[debug] [2024-03-01T15:19:59.567Z] Ignoring unsupported arg: auto_download {"metadata":{"emulator":{"name":"ui"},"message":"Ignoring unsupported arg: auto_download"}}
[debug] [2024-03-01T15:19:59.567Z] Ignoring unsupported arg: port {"metadata":{"emulator":{"name":"ui"},"message":"Ignoring unsupported arg: port"}}
[debug] [2024-03-01T15:19:59.567Z] Starting Emulator UI with command {"binary":"node","args":["C:\\Users\\Mega-PC\\.cache\\firebase\\emulators\\ui-v1.11.7\\server\\server.js"],"optionalArgs":[],"joinArgs":false} {"metadata":{"emulator":{"name":"ui"},"message":"Starting Emulator UI with command {\"binary\":\"node\",\"args\":[\"C:\\\\Users\\\\Mega-PC\\\\.cache\\\\firebase\\\\emulators\\\\ui-v1.11.7\\\\server\\\\server.js\"],\"optionalArgs\":[],\"joinArgs\":false}"}}
[info] i  ui: Emulator UI logging to ui-debug.log {"metadata":{"emulator":{"name":"ui"},"message":"Emulator UI logging to \u001b[1mui-debug.log\u001b[22m"}}
[debug] [2024-03-01T15:19:59.671Z] Web / API server started at 127.0.0.1:4000
 {"metadata":{"emulator":{"name":"ui"},"message":"Web / API server started at 127.0.0.1:4000\n"}}
[debug] [2024-03-01T15:19:59.671Z] Web / API server started at ::1:4000
 {"metadata":{"emulator":{"name":"ui"},"message":"Web / API server started at ::1:4000\n"}}
[info] i  functions: Watching "C:\Users\Mega-PC\Desktop\unit test  fire function\my-firebase-app\functions" for Cloud Functions... {"metadata":{"emulator":{"name":"functions"},"message":"Watching \"C:\\Users\\Mega-PC\\Desktop\\unit test  fire function\\my-firebase-app\\functions\" for Cloud Functions..."}}
[debug] [2024-03-01T15:19:59.836Z] Validating nodejs source
[debug] [2024-03-01T15:20:01.063Z] > [functions] package.json contents: {
  "name": "functions",
  "description": "Cloud Functions for Firebase",
  "scripts": {
    "test": "mocha --reporter spec"
  },
  "engines": {
    "node": "18"
  },
  "main": "index.ts",
  "dependencies": {
    "firebase-admin": "^11.8.0",
    "firebase-functions": "^4.3.1"
  },
  "devDependencies": {
    "firebase-functions-test": "^3.1.0"
  },
  "private": true
}
[debug] [2024-03-01T15:20:01.064Z] Building nodejs source
[debug] [2024-03-01T15:20:01.064Z] Failed to find version of module node: reached end of search path C:\Users\Mega-PC\Desktop\unit test  fire function\my-firebase-app\functions\node_modules
[info] +  functions: Using node@18 from host. 
[debug] [2024-03-01T15:20:01.066Z] Could not find functions.yaml. Must use http discovery
[debug] [2024-03-01T15:20:01.072Z] Found firebase-functions binary at 'C:\Users\Mega-PC\Desktop\unit test  fire function\my-firebase-app\functions\node_modules\.bin\firebase-functions'
[info] Serving at port 8558

[debug] [2024-03-01T15:20:01.788Z] Got response from /__/functions.yaml {"endpoints":{},"specVersion":"v1alpha1","requiredAPIs":[]}
[info] +  functions: Loaded functions definitions from source: . {"metadata":{"emulator":{"name":"functions"},"message":"Loaded functions definitions from source: ."}}
[info] 
┌─────────────────────────────────────────────────────────────┐
│ ✔  All emulators ready! It is now safe to connect your app. │
│ i  View Emulator UI at http://127.0.0.1:4000/               │
└─────────────────────────────────────────────────────────────┘

┌───────────┬────────────────┬─────────────────────────────────┐
│ Emulator  │ Host:Port      │ View in Emulator UI             │
├───────────┼────────────────┼─────────────────────────────────┤
│ Functions │ 127.0.0.1:5001 │ http://127.0.0.1:4000/functions │
└───────────┴────────────────┴─────────────────────────────────┘
  Emulator Hub running at 127.0.0.1:4400
  Other reserved ports: 4500

Issues? Report them at https://github.com/firebase/firebase-tools/issues and attach the *-debug.log files.
 
[debug] [2024-03-01T15:24:53.735Z] File C:\Users\Mega-PC\Desktop\unit test  fire function\my-firebase-app\functions\helloWorld.test.ts changed, reloading triggers {"metadata":{"emulator":{"name":"functions"},"message":"File C:\\Users\\Mega-PC\\Desktop\\unit test  fire function\\my-firebase-app\\functions\\helloWorld.test.ts changed, reloading triggers"}}
[debug] [2024-03-01T15:24:54.751Z] Validating nodejs source
[debug] [2024-03-01T15:24:56.002Z] > [functions] package.json contents: {
  "name": "functions",
  "description": "Cloud Functions for Firebase",
  "scripts": {
    "test": "mocha --reporter spec"
  },
  "engines": {
    "node": "18"
  },
  "main": "index.ts",
  "dependencies": {
    "firebase-admin": "^11.8.0",
    "firebase-functions": "^4.3.1"
  },
  "devDependencies": {
    "firebase-functions-test": "^3.1.0"
  },
  "private": true
}
[debug] [2024-03-01T15:24:56.003Z] Building nodejs source
[debug] [2024-03-01T15:24:56.003Z] Failed to find version of module node: reached end of search path C:\Users\Mega-PC\Desktop\unit test  fire function\my-firebase-app\functions\node_modules
[info] +  functions: Using node@18 from host. 
[debug] [2024-03-01T15:24:56.004Z] Could not find functions.yaml. Must use http discovery
[debug] [2024-03-01T15:24:56.012Z] Found firebase-functions binary at 'C:\Users\Mega-PC\Desktop\unit test  fire function\my-firebase-app\functions\node_modules\.bin\firebase-functions'
[info] Serving at port 8221

[debug] [2024-03-01T15:24:56.598Z] Got response from /__/functions.yaml {"endpoints":{},"specVersion":"v1alpha1","requiredAPIs":[]}
[info] +  functions: Loaded functions definitions from source: . {"metadata":{"emulator":{"name":"functions"},"message":"Loaded functions definitions from source: ."}}
